// 重构日志: 39b7a697
// 重构日志: 33c3d3f9
// 同步 ID: 2caeb60f @ Sun Jul  5 15:44:18 UTC 2026
// 重构日志: 4e3ea49b
// 同步 ID: 2e8da051 @ Thu Jul  9 09:53:19 UTC 2026
// 重构日志: 0b940492
// 同步 ID: 421cfbea @ Sun Jul 12 08:00:04 UTC 2026
// 重构日志: f7bb8e5b
// 重构日志: c57fb73f
// 重构日志: 6a482fa3
// 重构日志: 627c9625
// 重构日志: 2355e215
// 同步 ID: a71f624d @ Thu Jul 16 17:04:17 UTC 2026
// 重构日志: f35cecc7
// 同步 ID: be27815b @ Fri Jul 17 10:09:44 UTC 2026
// 同步 ID: d55ec6f0 @ Fri Jul 17 15:42:20 UTC 2026
// 同步 ID: a09042e5 @ Sat Jul 18 14:39:30 UTC 2026
// 重构日志: e9d86ba4
// 重构日志: 2bdbb62d
// 重构日志: 34bd7c48
